<?xml version="1.0" encoding="UTF-8" ?>
<testsuite failures="0" time="1.047" errors="0" skipped="0" tests="1" name="org.jvnet.hyperjaxb3.ejb.tests.po.RoundtripTest">
  <properties>
    <property name="java.runtime.name" value="Java(TM) SE Runtime Environment"/>
    <property name="sun.boot.library.path" value="C:\Programme\Java\jdk1.6.0_07\jre\bin"/>
    <property name="java.vm.version" value="10.0-b23"/>
    <property name="java.vm.vendor" value="Sun Microsystems Inc."/>
    <property name="java.vendor.url" value="http://java.sun.com/"/>
    <property name="path.separator" value=";"/>
    <property name="java.vm.name" value="Java HotSpot(TM) Client VM"/>
    <property name="file.encoding.pkg" value="sun.io"/>
    <property name="user.country" value="DE"/>
    <property name="sun.java.launcher" value="SUN_STANDARD"/>
    <property name="sun.os.patch.level" value="Service Pack 3"/>
    <property name="java.vm.specification.name" value="Java Virtual Machine Specification"/>
    <property name="user.dir" value="C:\Projects\hj3\hyperjaxb3\ejb\tests\equals-builder\schema"/>
    <property name="java.runtime.version" value="1.6.0_07-b06"/>
    <property name="java.awt.graphicsenv" value="sun.awt.Win32GraphicsEnvironment"/>
    <property name="basedir" value="C:\Projects\hj3\hyperjaxb3\ejb\tests\equals-builder\schema"/>
    <property name="java.endorsed.dirs" value="C:\Programme\Java\jdk1.6.0_07\jre\lib\endorsed"/>
    <property name="os.arch" value="x86"/>
    <property name="java.io.tmpdir" value="C:\DOKUME~1\valikov\LOKALE~1\Temp\"/>
    <property name="line.separator" value="
"/>
    <property name="java.vm.specification.vendor" value="Sun Microsystems Inc."/>
    <property name="user.variant" value=""/>
    <property name="os.name" value="Windows XP"/>
    <property name="sun.jnu.encoding" value="Cp1251"/>
    <property name="java.library.path" value="C:\Programme\Java\jdk1.6.0_07\jre\bin;.;C:\WINDOWS\Sun\Java\bin;C:\WINDOWS\system32;C:\WINDOWS;C:\WINDOWS\system32;C:\WINDOWS;C:\WINDOWS\System32\Wbem;C:\Programme\Intel\DMIX;C:\Programme\AMCC\CLI;C:\Tools\Archievers;C:\Tools\Maven2\bin;C:\Tools\Ant\bin;C:\Programme\Java\jdk1.6.0_07\bin;C:\Tools\Maven1\bin\;C:\Tools\Cygwin\bin;C:\Tools\Saxon\bin;C:\Programme\jprofiler\bin\windows;C:\Programme\Subversion"/>
    <property name="java.specification.name" value="Java Platform API Specification"/>
    <property name="java.class.version" value="50.0"/>
    <property name="sun.management.compiler" value="HotSpot Client Compiler"/>
    <property name="os.version" value="5.1"/>
    <property name="user.home" value="C:\Dokumente und Einstellungen\valikov"/>
    <property name="user.timezone" value="Europe/Berlin"/>
    <property name="java.awt.printerjob" value="sun.awt.windows.WPrinterJob"/>
    <property name="file.encoding" value="Cp1252"/>
    <property name="java.specification.version" value="1.6"/>
    <property name="user.name" value="valikov"/>
    <property name="java.class.path" value="C:\Repository\org\apache\maven\surefire\surefire-booter\2.3\surefire-booter-2.3.jar;C:\Repository\org\apache\maven\surefire\surefire-api\2.3\surefire-api-2.3.jar;C:\Repository\org\codehaus\plexus\plexus-utils\1.1\plexus-utils-1.1.jar;C:\Repository\commons-lang\commons-lang\2.1\commons-lang-2.1.jar;C:\Repository\org\codehaus\plexus\plexus-archiver\1.0-alpha-7\plexus-archiver-1.0-alpha-7.jar;C:\Repository\org\codehaus\plexus\plexus-container-default\1.0-alpha-8\plexus-container-default-1.0-alpha-8.jar;C:\Repository\junit\junit\3.8.1\junit-3.8.1.jar;C:\Repository\classworlds\classworlds\1.1-alpha-2\classworlds-1.1-alpha-2.jar"/>
    <property name="log4j.debug" value=""/>
    <property name="java.vm.specification.version" value="1.0"/>
    <property name="sun.arch.data.model" value="32"/>
    <property name="java.home" value="C:\Programme\Java\jdk1.6.0_07\jre"/>
    <property name="java.specification.vendor" value="Sun Microsystems Inc."/>
    <property name="user.language" value="de"/>
    <property name="awt.toolkit" value="sun.awt.windows.WToolkit"/>
    <property name="java.vm.info" value="mixed mode"/>
    <property name="java.version" value="1.6.0_07"/>
    <property name="java.ext.dirs" value="C:\Programme\Java\jdk1.6.0_07\jre\lib\ext;C:\WINDOWS\Sun\Java\lib\ext"/>
    <property name="sun.boot.class.path" value="C:\Programme\Java\jdk1.6.0_07\jre\lib\resources.jar;C:\Programme\Java\jdk1.6.0_07\jre\lib\rt.jar;C:\Programme\Java\jdk1.6.0_07\jre\lib\sunrsasign.jar;C:\Programme\Java\jdk1.6.0_07\jre\lib\jsse.jar;C:\Programme\Java\jdk1.6.0_07\jre\lib\jce.jar;C:\Programme\Java\jdk1.6.0_07\jre\lib\charsets.jar;C:\Programme\Java\jdk1.6.0_07\jre\classes"/>
    <property name="java.vendor" value="Sun Microsystems Inc."/>
    <property name="localRepository" value="C:\Repository"/>
    <property name="file.separator" value="\"/>
    <property name="java.vendor.url.bug" value="http://java.sun.com/cgi-bin/bugreport.cgi"/>
    <property name="sun.cpu.endian" value="little"/>
    <property name="sun.io.unicode.encoding" value="UnicodeLittle"/>
    <property name="sun.desktop" value="windows"/>
    <property name="sun.cpu.isalist" value="pentium_pro+mmx pentium_pro pentium+mmx pentium i486 i386 i86"/>
  </properties>
  <testcase time="1.047" name="testSamples"/>
</testsuite>